[0.543s] DEBUG:colcon:Command line arguments: ['/home/mbat/.matlab/R2023a/ros2/glnxa64/venv/bin/colcon', 'build', '--merge-install', '--cmake-args', '-DCMAKE_BUILD_TYPE=Release', '-DCMAKE_SHARED_LINKER_FLAGS=-Wl,-no-as-needed', '-DBUILD_TESTING=OFF', '-DALIAS_ROS2_TF2=1', '-DCMAKE_CXX_FLAGS_RELEASE=-O0', '-G', 'Ninja']
[0.543s] DEBUG:colcon:Parsed command line arguments: Namespace(ament_cmake_args=None, base_paths=['.'], build_base='build', catkin_cmake_args=None, catkin_skip_building_tests=False, cmake_args=['-DCMAKE_BUILD_TYPE=Release', '-DCMAKE_SHARED_LINKER_FLAGS=-Wl,-no-as-needed', '-DBUILD_TESTING=OFF', '-DALIAS_ROS2_TF2=1', '-DCMAKE_CXX_FLAGS_RELEASE=-O0', '-G', 'Ninja'], cmake_clean_cache=False, cmake_clean_first=False, cmake_force_configure=False, cmake_target=None, cmake_target_skip_unavailable=False, continue_on_error=False, event_handlers=None, executor='parallel', ignore_user_meta=False, install_base='install', log_base=None, log_level=None, main=<bound method BuildVerb.main of <colcon_core.verb.build.BuildVerb object at 0x7f3a01801f10>>, merge_install=True, metas=['./colcon.meta'], packages_above=None, packages_above_and_dependencies=None, packages_above_depth=None, packages_end=None, packages_ignore=None, packages_ignore_regex=None, packages_select=None, packages_select_build_failed=False, packages_select_by_dep=None, packages_select_regex=None, packages_select_test_failures=False, packages_skip=None, packages_skip_build_finished=False, packages_skip_by_dep=None, packages_skip_regex=None, packages_skip_test_passed=False, packages_skip_up_to=None, packages_start=None, packages_up_to=None, packages_up_to_regex=None, parallel_workers=6, paths=None, symlink_install=False, test_result_base=None, verb_extension=<colcon_core.verb.build.BuildVerb object at 0x7f3a01801f10>, verb_name='build', verb_parser=<colcon_defaults.argument_parser.defaults.DefaultArgumentsDecorator object at 0x7f3a0176c340>)
[0.558s] Level 1:colcon.colcon_core.package_discovery:discover_packages(colcon_meta) check parameters
[0.558s] Level 1:colcon.colcon_core.package_discovery:discover_packages(recursive) check parameters
[0.559s] Level 1:colcon.colcon_core.package_discovery:discover_packages(ignore) check parameters
[0.559s] Level 1:colcon.colcon_core.package_discovery:discover_packages(path) check parameters
[0.559s] Level 1:colcon.colcon_core.package_discovery:discover_packages(colcon_meta) discover
[0.559s] Level 1:colcon.colcon_core.package_discovery:discover_packages(recursive) discover
[0.559s] INFO:colcon.colcon_core.package_discovery:Crawling recursively for packages in '/media/mbat/SSD120G/MATLAB/identification/marine-robotics-course/matlab_msg_gen/glnxa64'
[0.559s] Level 1:colcon.colcon_core.package_identification:_identify(.) by extensions ['ignore', 'ignore_ament_install']
[0.559s] Level 1:colcon.colcon_core.package_identification:_identify(.) by extension 'ignore'
[0.559s] Level 1:colcon.colcon_core.package_identification:_identify(.) by extension 'ignore_ament_install'
[0.559s] Level 1:colcon.colcon_core.package_identification:_identify(.) by extensions ['colcon_pkg']
[0.559s] Level 1:colcon.colcon_core.package_identification:_identify(.) by extension 'colcon_pkg'
[0.559s] Level 1:colcon.colcon_core.package_identification:_identify(.) by extensions ['colcon_meta']
[0.559s] Level 1:colcon.colcon_core.package_identification:_identify(.) by extension 'colcon_meta'
[0.559s] Level 1:colcon.colcon_core.package_identification:_identify(.) by extensions ['ros']
[0.559s] Level 1:colcon.colcon_core.package_identification:_identify(.) by extension 'ros'
[0.571s] Level 1:colcon.colcon_core.package_identification:_identify(.) by extensions ['cmake', 'python']
[0.571s] Level 1:colcon.colcon_core.package_identification:_identify(.) by extension 'cmake'
[0.571s] Level 1:colcon.colcon_core.package_identification:_identify(.) by extension 'python'
[0.571s] Level 1:colcon.colcon_core.package_identification:_identify(.) by extensions ['python_setup_py']
[0.571s] Level 1:colcon.colcon_core.package_identification:_identify(.) by extension 'python_setup_py'
[0.571s] Level 1:colcon.colcon_core.package_identification:_identify(build) by extensions ['ignore', 'ignore_ament_install']
[0.572s] Level 1:colcon.colcon_core.package_identification:_identify(build) by extension 'ignore'
[0.572s] Level 1:colcon.colcon_core.package_identification:_identify(build) ignored
[0.572s] Level 1:colcon.colcon_core.package_identification:_identify(install) by extensions ['ignore', 'ignore_ament_install']
[0.572s] Level 1:colcon.colcon_core.package_identification:_identify(install) by extension 'ignore'
[0.572s] Level 1:colcon.colcon_core.package_identification:_identify(install) ignored
[0.572s] Level 1:colcon.colcon_core.package_identification:_identify(log) by extensions ['ignore', 'ignore_ament_install']
[0.572s] Level 1:colcon.colcon_core.package_identification:_identify(log) by extension 'ignore'
[0.572s] Level 1:colcon.colcon_core.package_identification:_identify(log) ignored
[0.572s] Level 1:colcon.colcon_core.package_identification:_identify(src) by extensions ['ignore', 'ignore_ament_install']
[0.572s] Level 1:colcon.colcon_core.package_identification:_identify(src) by extension 'ignore'
[0.572s] Level 1:colcon.colcon_core.package_identification:_identify(src) by extension 'ignore_ament_install'
[0.572s] Level 1:colcon.colcon_core.package_identification:_identify(src) by extensions ['colcon_pkg']
[0.572s] Level 1:colcon.colcon_core.package_identification:_identify(src) by extension 'colcon_pkg'
[0.572s] Level 1:colcon.colcon_core.package_identification:_identify(src) by extensions ['colcon_meta']
[0.572s] Level 1:colcon.colcon_core.package_identification:_identify(src) by extension 'colcon_meta'
[0.572s] Level 1:colcon.colcon_core.package_identification:_identify(src) by extensions ['ros']
[0.572s] Level 1:colcon.colcon_core.package_identification:_identify(src) by extension 'ros'
[0.572s] Level 1:colcon.colcon_core.package_identification:_identify(src) by extensions ['cmake', 'python']
[0.572s] Level 1:colcon.colcon_core.package_identification:_identify(src) by extension 'cmake'
[0.572s] Level 1:colcon.colcon_core.package_identification:_identify(src) by extension 'python'
[0.572s] Level 1:colcon.colcon_core.package_identification:_identify(src) by extensions ['python_setup_py']
[0.572s] Level 1:colcon.colcon_core.package_identification:_identify(src) by extension 'python_setup_py'
[0.573s] Level 1:colcon.colcon_core.package_identification:_identify(src/auv_msgs) by extensions ['ignore', 'ignore_ament_install']
[0.573s] Level 1:colcon.colcon_core.package_identification:_identify(src/auv_msgs) by extension 'ignore'
[0.573s] Level 1:colcon.colcon_core.package_identification:_identify(src/auv_msgs) by extension 'ignore_ament_install'
[0.573s] Level 1:colcon.colcon_core.package_identification:_identify(src/auv_msgs) by extensions ['colcon_pkg']
[0.573s] Level 1:colcon.colcon_core.package_identification:_identify(src/auv_msgs) by extension 'colcon_pkg'
[0.573s] Level 1:colcon.colcon_core.package_identification:_identify(src/auv_msgs) by extensions ['colcon_meta']
[0.573s] Level 1:colcon.colcon_core.package_identification:_identify(src/auv_msgs) by extension 'colcon_meta'
[0.573s] Level 1:colcon.colcon_core.package_identification:_identify(src/auv_msgs) by extensions ['ros']
[0.573s] Level 1:colcon.colcon_core.package_identification:_identify(src/auv_msgs) by extension 'ros'
[0.579s] DEBUG:colcon.colcon_core.package_identification:Package 'src/auv_msgs' with type 'ros.ament_cmake' and name 'auv_msgs'
[0.579s] Level 1:colcon.colcon_core.package_identification:_identify(src/geographic_msgs) by extensions ['ignore', 'ignore_ament_install']
[0.579s] Level 1:colcon.colcon_core.package_identification:_identify(src/geographic_msgs) by extension 'ignore'
[0.579s] Level 1:colcon.colcon_core.package_identification:_identify(src/geographic_msgs) by extension 'ignore_ament_install'
[0.579s] Level 1:colcon.colcon_core.package_identification:_identify(src/geographic_msgs) by extensions ['colcon_pkg']
[0.579s] Level 1:colcon.colcon_core.package_identification:_identify(src/geographic_msgs) by extension 'colcon_pkg'
[0.580s] Level 1:colcon.colcon_core.package_identification:_identify(src/geographic_msgs) by extensions ['colcon_meta']
[0.580s] Level 1:colcon.colcon_core.package_identification:_identify(src/geographic_msgs) by extension 'colcon_meta'
[0.580s] Level 1:colcon.colcon_core.package_identification:_identify(src/geographic_msgs) by extensions ['ros']
[0.580s] Level 1:colcon.colcon_core.package_identification:_identify(src/geographic_msgs) by extension 'ros'
[0.582s] DEBUG:colcon.colcon_core.package_identification:Package 'src/geographic_msgs' with type 'ros.ament_cmake' and name 'geographic_msgs'
[0.582s] Level 1:colcon.colcon_core.package_identification:_identify(src/labust_msgs) by extensions ['ignore', 'ignore_ament_install']
[0.583s] Level 1:colcon.colcon_core.package_identification:_identify(src/labust_msgs) by extension 'ignore'
[0.583s] Level 1:colcon.colcon_core.package_identification:_identify(src/labust_msgs) by extension 'ignore_ament_install'
[0.583s] Level 1:colcon.colcon_core.package_identification:_identify(src/labust_msgs) by extensions ['colcon_pkg']
[0.583s] Level 1:colcon.colcon_core.package_identification:_identify(src/labust_msgs) by extension 'colcon_pkg'
[0.583s] Level 1:colcon.colcon_core.package_identification:_identify(src/labust_msgs) by extensions ['colcon_meta']
[0.583s] Level 1:colcon.colcon_core.package_identification:_identify(src/labust_msgs) by extension 'colcon_meta'
[0.583s] Level 1:colcon.colcon_core.package_identification:_identify(src/labust_msgs) by extensions ['ros']
[0.583s] Level 1:colcon.colcon_core.package_identification:_identify(src/labust_msgs) by extension 'ros'
[0.586s] DEBUG:colcon.colcon_core.package_identification:Package 'src/labust_msgs' with type 'ros.ament_cmake' and name 'labust_msgs'
[0.587s] Level 1:colcon.colcon_core.package_discovery:discover_packages(recursive) using defaults
[0.587s] Level 1:colcon.colcon_core.package_discovery:discover_packages(ignore) discover
[0.587s] Level 1:colcon.colcon_core.package_discovery:discover_packages(ignore) using defaults
[0.587s] Level 1:colcon.colcon_core.package_discovery:discover_packages(path) discover
[0.587s] Level 1:colcon.colcon_core.package_discovery:discover_packages(path) using defaults
[0.624s] Level 5:colcon.colcon_core.verb:set package 'geographic_msgs' build argument 'cmake_args' from command line to '['-DCMAKE_BUILD_TYPE=Release', '-DCMAKE_SHARED_LINKER_FLAGS=-Wl,-no-as-needed', '-DBUILD_TESTING=OFF', '-DALIAS_ROS2_TF2=1', '-DCMAKE_CXX_FLAGS_RELEASE=-O0', '-G', 'Ninja']'
[0.624s] Level 5:colcon.colcon_core.verb:set package 'geographic_msgs' build argument 'cmake_target' from command line to 'None'
[0.624s] Level 5:colcon.colcon_core.verb:set package 'geographic_msgs' build argument 'cmake_target_skip_unavailable' from command line to 'False'
[0.624s] Level 5:colcon.colcon_core.verb:set package 'geographic_msgs' build argument 'cmake_clean_cache' from command line to 'False'
[0.624s] Level 5:colcon.colcon_core.verb:set package 'geographic_msgs' build argument 'cmake_clean_first' from command line to 'False'
[0.624s] Level 5:colcon.colcon_core.verb:set package 'geographic_msgs' build argument 'cmake_force_configure' from command line to 'False'
[0.624s] Level 5:colcon.colcon_core.verb:set package 'geographic_msgs' build argument 'ament_cmake_args' from command line to 'None'
[0.624s] Level 5:colcon.colcon_core.verb:set package 'geographic_msgs' build argument 'catkin_cmake_args' from command line to 'None'
[0.624s] Level 5:colcon.colcon_core.verb:set package 'geographic_msgs' build argument 'catkin_skip_building_tests' from command line to 'False'
[0.624s] DEBUG:colcon.colcon_core.verb:Building package 'geographic_msgs' with the following arguments: {'ament_cmake_args': None, 'build_base': '/media/mbat/SSD120G/MATLAB/identification/marine-robotics-course/matlab_msg_gen/glnxa64/build/geographic_msgs', 'catkin_cmake_args': None, 'catkin_skip_building_tests': False, 'cmake_args': ['-DCMAKE_BUILD_TYPE=Release', '-DCMAKE_SHARED_LINKER_FLAGS=-Wl,-no-as-needed', '-DBUILD_TESTING=OFF', '-DALIAS_ROS2_TF2=1', '-DCMAKE_CXX_FLAGS_RELEASE=-O0', '-G', 'Ninja'], 'cmake_clean_cache': False, 'cmake_clean_first': False, 'cmake_force_configure': False, 'cmake_target': None, 'cmake_target_skip_unavailable': False, 'install_base': '/media/mbat/SSD120G/MATLAB/identification/marine-robotics-course/matlab_msg_gen/glnxa64/install', 'merge_install': True, 'path': '/media/mbat/SSD120G/MATLAB/identification/marine-robotics-course/matlab_msg_gen/glnxa64/src/geographic_msgs', 'symlink_install': False, 'test_result_base': None}
[0.631s] Level 5:colcon.colcon_core.verb:set package 'auv_msgs' build argument 'cmake_args' from command line to '['-DCMAKE_BUILD_TYPE=Release', '-DCMAKE_SHARED_LINKER_FLAGS=-Wl,-no-as-needed', '-DBUILD_TESTING=OFF', '-DALIAS_ROS2_TF2=1', '-DCMAKE_CXX_FLAGS_RELEASE=-O0', '-G', 'Ninja']'
[0.631s] Level 5:colcon.colcon_core.verb:set package 'auv_msgs' build argument 'cmake_target' from command line to 'None'
[0.631s] Level 5:colcon.colcon_core.verb:set package 'auv_msgs' build argument 'cmake_target_skip_unavailable' from command line to 'False'
[0.631s] Level 5:colcon.colcon_core.verb:set package 'auv_msgs' build argument 'cmake_clean_cache' from command line to 'False'
[0.631s] Level 5:colcon.colcon_core.verb:set package 'auv_msgs' build argument 'cmake_clean_first' from command line to 'False'
[0.631s] Level 5:colcon.colcon_core.verb:set package 'auv_msgs' build argument 'cmake_force_configure' from command line to 'False'
[0.631s] Level 5:colcon.colcon_core.verb:set package 'auv_msgs' build argument 'ament_cmake_args' from command line to 'None'
[0.631s] Level 5:colcon.colcon_core.verb:set package 'auv_msgs' build argument 'catkin_cmake_args' from command line to 'None'
[0.631s] Level 5:colcon.colcon_core.verb:set package 'auv_msgs' build argument 'catkin_skip_building_tests' from command line to 'False'
[0.631s] DEBUG:colcon.colcon_core.verb:Building package 'auv_msgs' with the following arguments: {'ament_cmake_args': None, 'build_base': '/media/mbat/SSD120G/MATLAB/identification/marine-robotics-course/matlab_msg_gen/glnxa64/build/auv_msgs', 'catkin_cmake_args': None, 'catkin_skip_building_tests': False, 'cmake_args': ['-DCMAKE_BUILD_TYPE=Release', '-DCMAKE_SHARED_LINKER_FLAGS=-Wl,-no-as-needed', '-DBUILD_TESTING=OFF', '-DALIAS_ROS2_TF2=1', '-DCMAKE_CXX_FLAGS_RELEASE=-O0', '-G', 'Ninja'], 'cmake_clean_cache': False, 'cmake_clean_first': False, 'cmake_force_configure': False, 'cmake_target': None, 'cmake_target_skip_unavailable': False, 'install_base': '/media/mbat/SSD120G/MATLAB/identification/marine-robotics-course/matlab_msg_gen/glnxa64/install', 'merge_install': True, 'path': '/media/mbat/SSD120G/MATLAB/identification/marine-robotics-course/matlab_msg_gen/glnxa64/src/auv_msgs', 'symlink_install': False, 'test_result_base': None}
[0.638s] Level 5:colcon.colcon_core.verb:set package 'labust_msgs' build argument 'cmake_args' from command line to '['-DCMAKE_BUILD_TYPE=Release', '-DCMAKE_SHARED_LINKER_FLAGS=-Wl,-no-as-needed', '-DBUILD_TESTING=OFF', '-DALIAS_ROS2_TF2=1', '-DCMAKE_CXX_FLAGS_RELEASE=-O0', '-G', 'Ninja']'
[0.638s] Level 5:colcon.colcon_core.verb:set package 'labust_msgs' build argument 'cmake_target' from command line to 'None'
[0.638s] Level 5:colcon.colcon_core.verb:set package 'labust_msgs' build argument 'cmake_target_skip_unavailable' from command line to 'False'
[0.638s] Level 5:colcon.colcon_core.verb:set package 'labust_msgs' build argument 'cmake_clean_cache' from command line to 'False'
[0.638s] Level 5:colcon.colcon_core.verb:set package 'labust_msgs' build argument 'cmake_clean_first' from command line to 'False'
[0.638s] Level 5:colcon.colcon_core.verb:set package 'labust_msgs' build argument 'cmake_force_configure' from command line to 'False'
[0.638s] Level 5:colcon.colcon_core.verb:set package 'labust_msgs' build argument 'ament_cmake_args' from command line to 'None'
[0.638s] Level 5:colcon.colcon_core.verb:set package 'labust_msgs' build argument 'catkin_cmake_args' from command line to 'None'
[0.638s] Level 5:colcon.colcon_core.verb:set package 'labust_msgs' build argument 'catkin_skip_building_tests' from command line to 'False'
[0.638s] DEBUG:colcon.colcon_core.verb:Building package 'labust_msgs' with the following arguments: {'ament_cmake_args': None, 'build_base': '/media/mbat/SSD120G/MATLAB/identification/marine-robotics-course/matlab_msg_gen/glnxa64/build/labust_msgs', 'catkin_cmake_args': None, 'catkin_skip_building_tests': False, 'cmake_args': ['-DCMAKE_BUILD_TYPE=Release', '-DCMAKE_SHARED_LINKER_FLAGS=-Wl,-no-as-needed', '-DBUILD_TESTING=OFF', '-DALIAS_ROS2_TF2=1', '-DCMAKE_CXX_FLAGS_RELEASE=-O0', '-G', 'Ninja'], 'cmake_clean_cache': False, 'cmake_clean_first': False, 'cmake_force_configure': False, 'cmake_target': None, 'cmake_target_skip_unavailable': False, 'install_base': '/media/mbat/SSD120G/MATLAB/identification/marine-robotics-course/matlab_msg_gen/glnxa64/install', 'merge_install': True, 'path': '/media/mbat/SSD120G/MATLAB/identification/marine-robotics-course/matlab_msg_gen/glnxa64/src/labust_msgs', 'symlink_install': False, 'test_result_base': None}
[0.640s] INFO:colcon.colcon_core.executor:Executing jobs using 'parallel' executor
[0.651s] DEBUG:colcon.colcon_parallel_executor.executor.parallel:run_until_complete
[0.651s] INFO:colcon.colcon_ros.task.ament_cmake.build:Building ROS package in '/media/mbat/SSD120G/MATLAB/identification/marine-robotics-course/matlab_msg_gen/glnxa64/src/geographic_msgs' with build type 'ament_cmake'
[0.651s] INFO:colcon.colcon_cmake.task.cmake.build:Building CMake package in '/media/mbat/SSD120G/MATLAB/identification/marine-robotics-course/matlab_msg_gen/glnxa64/src/geographic_msgs'
[0.668s] INFO:colcon.colcon_core.plugin_system:Skipping extension 'colcon_core.shell.bat': Not used on non-Windows systems
[0.668s] INFO:colcon.colcon_core.shell:Skip shell extension 'powershell' for command environment: Not usable outside of PowerShell
[0.668s] DEBUG:colcon.colcon_core.shell:Skip shell extension 'dsv' for command environment
[0.686s] DEBUG:colcon.colcon_core.event_handler.log_command:Invoking command in '/media/mbat/SSD120G/MATLAB/identification/marine-robotics-course/matlab_msg_gen/glnxa64/build/geographic_msgs': PS1=(venv) /usr/local/MATLAB/R2023a/bin/glnxa64/cmake/bin/cmake /media/mbat/SSD120G/MATLAB/identification/marine-robotics-course/matlab_msg_gen/glnxa64/src/geographic_msgs -DCMAKE_BUILD_TYPE=Release -DCMAKE_SHARED_LINKER_FLAGS=-Wl,-no-as-needed -DBUILD_TESTING=OFF -DALIAS_ROS2_TF2=1 -DCMAKE_CXX_FLAGS_RELEASE=-O0 -G Ninja -DCMAKE_INSTALL_PREFIX=/media/mbat/SSD120G/MATLAB/identification/marine-robotics-course/matlab_msg_gen/glnxa64/install
[2.766s] DEBUG:colcon.colcon_core.event_handler.log_command:Invoked command in '/media/mbat/SSD120G/MATLAB/identification/marine-robotics-course/matlab_msg_gen/glnxa64/build/geographic_msgs' returned '0': PS1=(venv) /usr/local/MATLAB/R2023a/bin/glnxa64/cmake/bin/cmake /media/mbat/SSD120G/MATLAB/identification/marine-robotics-course/matlab_msg_gen/glnxa64/src/geographic_msgs -DCMAKE_BUILD_TYPE=Release -DCMAKE_SHARED_LINKER_FLAGS=-Wl,-no-as-needed -DBUILD_TESTING=OFF -DALIAS_ROS2_TF2=1 -DCMAKE_CXX_FLAGS_RELEASE=-O0 -G Ninja -DCMAKE_INSTALL_PREFIX=/media/mbat/SSD120G/MATLAB/identification/marine-robotics-course/matlab_msg_gen/glnxa64/install
[2.772s] DEBUG:colcon.colcon_core.event_handler.log_command:Invoking command in '/media/mbat/SSD120G/MATLAB/identification/marine-robotics-course/matlab_msg_gen/glnxa64/build/geographic_msgs': PS1=(venv) /usr/local/MATLAB/R2023a/bin/glnxa64/cmake/bin/cmake --build /media/mbat/SSD120G/MATLAB/identification/marine-robotics-course/matlab_msg_gen/glnxa64/build/geographic_msgs -- -j6 -l6
[51.012s] DEBUG:colcon.colcon_core.event_handler.log_command:Invoked command in '/media/mbat/SSD120G/MATLAB/identification/marine-robotics-course/matlab_msg_gen/glnxa64/build/geographic_msgs' returned '0': PS1=(venv) /usr/local/MATLAB/R2023a/bin/glnxa64/cmake/bin/cmake --build /media/mbat/SSD120G/MATLAB/identification/marine-robotics-course/matlab_msg_gen/glnxa64/build/geographic_msgs -- -j6 -l6
[51.048s] DEBUG:colcon.colcon_core.event_handler.log_command:Invoking command in '/media/mbat/SSD120G/MATLAB/identification/marine-robotics-course/matlab_msg_gen/glnxa64/build/geographic_msgs': PS1=(venv) /usr/local/MATLAB/R2023a/bin/glnxa64/cmake/bin/cmake --install /media/mbat/SSD120G/MATLAB/identification/marine-robotics-course/matlab_msg_gen/glnxa64/build/geographic_msgs
[51.126s] Level 1:colcon.colcon_core.environment:create_environment_scripts_only(geographic_msgs)
[51.134s] DEBUG:colcon.colcon_core.event_handler.log_command:Invoked command in '/media/mbat/SSD120G/MATLAB/identification/marine-robotics-course/matlab_msg_gen/glnxa64/build/geographic_msgs' returned '0': PS1=(venv) /usr/local/MATLAB/R2023a/bin/glnxa64/cmake/bin/cmake --install /media/mbat/SSD120G/MATLAB/identification/marine-robotics-course/matlab_msg_gen/glnxa64/build/geographic_msgs
[51.180s] Level 1:colcon.colcon_core.environment:checking '/media/mbat/SSD120G/MATLAB/identification/marine-robotics-course/matlab_msg_gen/glnxa64/install' for CMake module files
[51.181s] Level 1:colcon.colcon_core.environment:checking '/media/mbat/SSD120G/MATLAB/identification/marine-robotics-course/matlab_msg_gen/glnxa64/install' for CMake config files
[51.181s] Level 1:colcon.colcon_core.shell:create_environment_hook('geographic_msgs', 'cmake_prefix_path')
[51.185s] INFO:colcon.colcon_core.shell:Creating environment hook '/media/mbat/SSD120G/MATLAB/identification/marine-robotics-course/matlab_msg_gen/glnxa64/install/share/geographic_msgs/hook/cmake_prefix_path.ps1'
[51.186s] INFO:colcon.colcon_core.shell:Creating environment descriptor '/media/mbat/SSD120G/MATLAB/identification/marine-robotics-course/matlab_msg_gen/glnxa64/install/share/geographic_msgs/hook/cmake_prefix_path.dsv'
[51.186s] INFO:colcon.colcon_core.shell:Creating environment hook '/media/mbat/SSD120G/MATLAB/identification/marine-robotics-course/matlab_msg_gen/glnxa64/install/share/geographic_msgs/hook/cmake_prefix_path.sh'
[51.187s] Level 1:colcon.colcon_core.environment:checking '/media/mbat/SSD120G/MATLAB/identification/marine-robotics-course/matlab_msg_gen/glnxa64/install/lib'
[51.187s] Level 1:colcon.colcon_core.shell:create_environment_hook('geographic_msgs', 'ld_library_path_lib')
[51.192s] INFO:colcon.colcon_core.shell:Creating environment hook '/media/mbat/SSD120G/MATLAB/identification/marine-robotics-course/matlab_msg_gen/glnxa64/install/share/geographic_msgs/hook/ld_library_path_lib.ps1'
[51.192s] INFO:colcon.colcon_core.shell:Creating environment descriptor '/media/mbat/SSD120G/MATLAB/identification/marine-robotics-course/matlab_msg_gen/glnxa64/install/share/geographic_msgs/hook/ld_library_path_lib.dsv'
[51.192s] INFO:colcon.colcon_core.shell:Creating environment hook '/media/mbat/SSD120G/MATLAB/identification/marine-robotics-course/matlab_msg_gen/glnxa64/install/share/geographic_msgs/hook/ld_library_path_lib.sh'
[51.192s] Level 1:colcon.colcon_core.environment:checking '/media/mbat/SSD120G/MATLAB/identification/marine-robotics-course/matlab_msg_gen/glnxa64/install/bin'
[51.193s] Level 1:colcon.colcon_core.environment:checking '/media/mbat/SSD120G/MATLAB/identification/marine-robotics-course/matlab_msg_gen/glnxa64/install/lib/pkgconfig/geographic_msgs.pc'
[51.193s] Level 1:colcon.colcon_core.environment:checking '/media/mbat/SSD120G/MATLAB/identification/marine-robotics-course/matlab_msg_gen/glnxa64/install/lib/python3.8/site-packages'
[51.197s] INFO:colcon.colcon_core.shell:Creating package script '/media/mbat/SSD120G/MATLAB/identification/marine-robotics-course/matlab_msg_gen/glnxa64/install/share/geographic_msgs/package.ps1'
[51.198s] INFO:colcon.colcon_core.shell:Creating package descriptor '/media/mbat/SSD120G/MATLAB/identification/marine-robotics-course/matlab_msg_gen/glnxa64/install/share/geographic_msgs/package.dsv'
[51.199s] INFO:colcon.colcon_core.shell:Creating package script '/media/mbat/SSD120G/MATLAB/identification/marine-robotics-course/matlab_msg_gen/glnxa64/install/share/geographic_msgs/package.sh'
[51.199s] INFO:colcon.colcon_core.shell:Creating package script '/media/mbat/SSD120G/MATLAB/identification/marine-robotics-course/matlab_msg_gen/glnxa64/install/share/geographic_msgs/package.bash'
[51.200s] INFO:colcon.colcon_core.shell:Creating package script '/media/mbat/SSD120G/MATLAB/identification/marine-robotics-course/matlab_msg_gen/glnxa64/install/share/geographic_msgs/package.zsh'
[51.201s] Level 1:colcon.colcon_core.environment:create_file_with_runtime_dependencies(/media/mbat/SSD120G/MATLAB/identification/marine-robotics-course/matlab_msg_gen/glnxa64/install/share/colcon-core/packages/geographic_msgs)
[51.229s] Level 1:colcon.colcon_core.environment:create_environment_scripts_only(geographic_msgs)
[51.233s] Level 1:colcon.colcon_core.environment:checking '/media/mbat/SSD120G/MATLAB/identification/marine-robotics-course/matlab_msg_gen/glnxa64/install' for CMake module files
[51.234s] Level 1:colcon.colcon_core.environment:checking '/media/mbat/SSD120G/MATLAB/identification/marine-robotics-course/matlab_msg_gen/glnxa64/install' for CMake config files
[51.234s] Level 1:colcon.colcon_core.shell:create_environment_hook('geographic_msgs', 'cmake_prefix_path')
[51.239s] INFO:colcon.colcon_core.shell:Creating environment hook '/media/mbat/SSD120G/MATLAB/identification/marine-robotics-course/matlab_msg_gen/glnxa64/install/share/geographic_msgs/hook/cmake_prefix_path.ps1'
[51.239s] INFO:colcon.colcon_core.shell:Creating environment descriptor '/media/mbat/SSD120G/MATLAB/identification/marine-robotics-course/matlab_msg_gen/glnxa64/install/share/geographic_msgs/hook/cmake_prefix_path.dsv'
[51.239s] INFO:colcon.colcon_core.shell:Creating environment hook '/media/mbat/SSD120G/MATLAB/identification/marine-robotics-course/matlab_msg_gen/glnxa64/install/share/geographic_msgs/hook/cmake_prefix_path.sh'
[51.240s] Level 1:colcon.colcon_core.environment:checking '/media/mbat/SSD120G/MATLAB/identification/marine-robotics-course/matlab_msg_gen/glnxa64/install/lib'
[51.240s] Level 1:colcon.colcon_core.shell:create_environment_hook('geographic_msgs', 'ld_library_path_lib')
[51.245s] INFO:colcon.colcon_core.shell:Creating environment hook '/media/mbat/SSD120G/MATLAB/identification/marine-robotics-course/matlab_msg_gen/glnxa64/install/share/geographic_msgs/hook/ld_library_path_lib.ps1'
[51.245s] INFO:colcon.colcon_core.shell:Creating environment descriptor '/media/mbat/SSD120G/MATLAB/identification/marine-robotics-course/matlab_msg_gen/glnxa64/install/share/geographic_msgs/hook/ld_library_path_lib.dsv'
[51.245s] INFO:colcon.colcon_core.shell:Creating environment hook '/media/mbat/SSD120G/MATLAB/identification/marine-robotics-course/matlab_msg_gen/glnxa64/install/share/geographic_msgs/hook/ld_library_path_lib.sh'
[51.245s] Level 1:colcon.colcon_core.environment:checking '/media/mbat/SSD120G/MATLAB/identification/marine-robotics-course/matlab_msg_gen/glnxa64/install/bin'
[51.245s] Level 1:colcon.colcon_core.environment:checking '/media/mbat/SSD120G/MATLAB/identification/marine-robotics-course/matlab_msg_gen/glnxa64/install/lib/pkgconfig/geographic_msgs.pc'
[51.246s] Level 1:colcon.colcon_core.environment:checking '/media/mbat/SSD120G/MATLAB/identification/marine-robotics-course/matlab_msg_gen/glnxa64/install/lib/python3.8/site-packages'
[51.250s] INFO:colcon.colcon_core.shell:Creating package script '/media/mbat/SSD120G/MATLAB/identification/marine-robotics-course/matlab_msg_gen/glnxa64/install/share/geographic_msgs/package.ps1'
[51.251s] INFO:colcon.colcon_core.shell:Creating package descriptor '/media/mbat/SSD120G/MATLAB/identification/marine-robotics-course/matlab_msg_gen/glnxa64/install/share/geographic_msgs/package.dsv'
[51.252s] INFO:colcon.colcon_core.shell:Creating package script '/media/mbat/SSD120G/MATLAB/identification/marine-robotics-course/matlab_msg_gen/glnxa64/install/share/geographic_msgs/package.sh'
[51.252s] INFO:colcon.colcon_core.shell:Creating package script '/media/mbat/SSD120G/MATLAB/identification/marine-robotics-course/matlab_msg_gen/glnxa64/install/share/geographic_msgs/package.bash'
[51.252s] INFO:colcon.colcon_core.shell:Creating package script '/media/mbat/SSD120G/MATLAB/identification/marine-robotics-course/matlab_msg_gen/glnxa64/install/share/geographic_msgs/package.zsh'
[51.253s] Level 1:colcon.colcon_core.environment:create_file_with_runtime_dependencies(/media/mbat/SSD120G/MATLAB/identification/marine-robotics-course/matlab_msg_gen/glnxa64/install/share/colcon-core/packages/geographic_msgs)
[51.253s] INFO:colcon.colcon_ros.task.ament_cmake.build:Building ROS package in '/media/mbat/SSD120G/MATLAB/identification/marine-robotics-course/matlab_msg_gen/glnxa64/src/auv_msgs' with build type 'ament_cmake'
[51.253s] INFO:colcon.colcon_cmake.task.cmake.build:Building CMake package in '/media/mbat/SSD120G/MATLAB/identification/marine-robotics-course/matlab_msg_gen/glnxa64/src/auv_msgs'
[51.258s] INFO:colcon.colcon_core.shell:Skip shell extension 'powershell' for command environment: Not usable outside of PowerShell
[51.258s] DEBUG:colcon.colcon_core.shell:Skip shell extension 'dsv' for command environment
[51.281s] DEBUG:colcon.colcon_core.event_handler.log_command:Invoking command in '/media/mbat/SSD120G/MATLAB/identification/marine-robotics-course/matlab_msg_gen/glnxa64/build/auv_msgs': AMENT_PREFIX_PATH=/media/mbat/SSD120G/MATLAB/identification/marine-robotics-course/matlab_msg_gen/glnxa64/install:${AMENT_PREFIX_PATH} CMAKE_PREFIX_PATH=/media/mbat/SSD120G/MATLAB/identification/marine-robotics-course/matlab_msg_gen/glnxa64/install:${CMAKE_PREFIX_PATH} LD_LIBRARY_PATH=/media/mbat/SSD120G/MATLAB/identification/marine-robotics-course/matlab_msg_gen/glnxa64/install/lib${LD_LIBRARY_PATH} PS1=(venv) /usr/local/MATLAB/R2023a/bin/glnxa64/cmake/bin/cmake /media/mbat/SSD120G/MATLAB/identification/marine-robotics-course/matlab_msg_gen/glnxa64/src/auv_msgs -DCMAKE_BUILD_TYPE=Release -DCMAKE_SHARED_LINKER_FLAGS=-Wl,-no-as-needed -DBUILD_TESTING=OFF -DALIAS_ROS2_TF2=1 -DCMAKE_CXX_FLAGS_RELEASE=-O0 -G Ninja -DCMAKE_INSTALL_PREFIX=/media/mbat/SSD120G/MATLAB/identification/marine-robotics-course/matlab_msg_gen/glnxa64/install
[53.229s] DEBUG:colcon.colcon_core.event_handler.log_command:Invoked command in '/media/mbat/SSD120G/MATLAB/identification/marine-robotics-course/matlab_msg_gen/glnxa64/build/auv_msgs' returned '0': AMENT_PREFIX_PATH=/media/mbat/SSD120G/MATLAB/identification/marine-robotics-course/matlab_msg_gen/glnxa64/install:${AMENT_PREFIX_PATH} CMAKE_PREFIX_PATH=/media/mbat/SSD120G/MATLAB/identification/marine-robotics-course/matlab_msg_gen/glnxa64/install:${CMAKE_PREFIX_PATH} LD_LIBRARY_PATH=/media/mbat/SSD120G/MATLAB/identification/marine-robotics-course/matlab_msg_gen/glnxa64/install/lib${LD_LIBRARY_PATH} PS1=(venv) /usr/local/MATLAB/R2023a/bin/glnxa64/cmake/bin/cmake /media/mbat/SSD120G/MATLAB/identification/marine-robotics-course/matlab_msg_gen/glnxa64/src/auv_msgs -DCMAKE_BUILD_TYPE=Release -DCMAKE_SHARED_LINKER_FLAGS=-Wl,-no-as-needed -DBUILD_TESTING=OFF -DALIAS_ROS2_TF2=1 -DCMAKE_CXX_FLAGS_RELEASE=-O0 -G Ninja -DCMAKE_INSTALL_PREFIX=/media/mbat/SSD120G/MATLAB/identification/marine-robotics-course/matlab_msg_gen/glnxa64/install
[53.234s] DEBUG:colcon.colcon_core.event_handler.log_command:Invoking command in '/media/mbat/SSD120G/MATLAB/identification/marine-robotics-course/matlab_msg_gen/glnxa64/build/auv_msgs': AMENT_PREFIX_PATH=/media/mbat/SSD120G/MATLAB/identification/marine-robotics-course/matlab_msg_gen/glnxa64/install:${AMENT_PREFIX_PATH} CMAKE_PREFIX_PATH=/media/mbat/SSD120G/MATLAB/identification/marine-robotics-course/matlab_msg_gen/glnxa64/install:${CMAKE_PREFIX_PATH} LD_LIBRARY_PATH=/media/mbat/SSD120G/MATLAB/identification/marine-robotics-course/matlab_msg_gen/glnxa64/install/lib${LD_LIBRARY_PATH} PS1=(venv) /usr/local/MATLAB/R2023a/bin/glnxa64/cmake/bin/cmake --build /media/mbat/SSD120G/MATLAB/identification/marine-robotics-course/matlab_msg_gen/glnxa64/build/auv_msgs -- -j6 -l6
[74.602s] DEBUG:colcon.colcon_core.event_handler.log_command:Invoked command in '/media/mbat/SSD120G/MATLAB/identification/marine-robotics-course/matlab_msg_gen/glnxa64/build/auv_msgs' returned '0': AMENT_PREFIX_PATH=/media/mbat/SSD120G/MATLAB/identification/marine-robotics-course/matlab_msg_gen/glnxa64/install:${AMENT_PREFIX_PATH} CMAKE_PREFIX_PATH=/media/mbat/SSD120G/MATLAB/identification/marine-robotics-course/matlab_msg_gen/glnxa64/install:${CMAKE_PREFIX_PATH} LD_LIBRARY_PATH=/media/mbat/SSD120G/MATLAB/identification/marine-robotics-course/matlab_msg_gen/glnxa64/install/lib${LD_LIBRARY_PATH} PS1=(venv) /usr/local/MATLAB/R2023a/bin/glnxa64/cmake/bin/cmake --build /media/mbat/SSD120G/MATLAB/identification/marine-robotics-course/matlab_msg_gen/glnxa64/build/auv_msgs -- -j6 -l6
[74.632s] DEBUG:colcon.colcon_core.event_handler.log_command:Invoking command in '/media/mbat/SSD120G/MATLAB/identification/marine-robotics-course/matlab_msg_gen/glnxa64/build/auv_msgs': AMENT_PREFIX_PATH=/media/mbat/SSD120G/MATLAB/identification/marine-robotics-course/matlab_msg_gen/glnxa64/install:${AMENT_PREFIX_PATH} CMAKE_PREFIX_PATH=/media/mbat/SSD120G/MATLAB/identification/marine-robotics-course/matlab_msg_gen/glnxa64/install:${CMAKE_PREFIX_PATH} LD_LIBRARY_PATH=/media/mbat/SSD120G/MATLAB/identification/marine-robotics-course/matlab_msg_gen/glnxa64/install/lib${LD_LIBRARY_PATH} PS1=(venv) /usr/local/MATLAB/R2023a/bin/glnxa64/cmake/bin/cmake --install /media/mbat/SSD120G/MATLAB/identification/marine-robotics-course/matlab_msg_gen/glnxa64/build/auv_msgs
[74.675s] Level 1:colcon.colcon_core.environment:create_environment_scripts_only(auv_msgs)
[74.684s] Level 1:colcon.colcon_core.environment:checking '/media/mbat/SSD120G/MATLAB/identification/marine-robotics-course/matlab_msg_gen/glnxa64/install' for CMake module files
[74.686s] Level 1:colcon.colcon_core.environment:checking '/media/mbat/SSD120G/MATLAB/identification/marine-robotics-course/matlab_msg_gen/glnxa64/install' for CMake config files
[74.687s] DEBUG:colcon.colcon_core.event_handler.log_command:Invoked command in '/media/mbat/SSD120G/MATLAB/identification/marine-robotics-course/matlab_msg_gen/glnxa64/build/auv_msgs' returned '0': AMENT_PREFIX_PATH=/media/mbat/SSD120G/MATLAB/identification/marine-robotics-course/matlab_msg_gen/glnxa64/install:${AMENT_PREFIX_PATH} CMAKE_PREFIX_PATH=/media/mbat/SSD120G/MATLAB/identification/marine-robotics-course/matlab_msg_gen/glnxa64/install:${CMAKE_PREFIX_PATH} LD_LIBRARY_PATH=/media/mbat/SSD120G/MATLAB/identification/marine-robotics-course/matlab_msg_gen/glnxa64/install/lib${LD_LIBRARY_PATH} PS1=(venv) /usr/local/MATLAB/R2023a/bin/glnxa64/cmake/bin/cmake --install /media/mbat/SSD120G/MATLAB/identification/marine-robotics-course/matlab_msg_gen/glnxa64/build/auv_msgs
[74.688s] Level 1:colcon.colcon_core.shell:create_environment_hook('auv_msgs', 'cmake_prefix_path')
[74.699s] INFO:colcon.colcon_core.shell:Creating environment hook '/media/mbat/SSD120G/MATLAB/identification/marine-robotics-course/matlab_msg_gen/glnxa64/install/share/auv_msgs/hook/cmake_prefix_path.ps1'
[74.699s] INFO:colcon.colcon_core.shell:Creating environment descriptor '/media/mbat/SSD120G/MATLAB/identification/marine-robotics-course/matlab_msg_gen/glnxa64/install/share/auv_msgs/hook/cmake_prefix_path.dsv'
[74.700s] INFO:colcon.colcon_core.shell:Creating environment hook '/media/mbat/SSD120G/MATLAB/identification/marine-robotics-course/matlab_msg_gen/glnxa64/install/share/auv_msgs/hook/cmake_prefix_path.sh'
[74.700s] Level 1:colcon.colcon_core.environment:checking '/media/mbat/SSD120G/MATLAB/identification/marine-robotics-course/matlab_msg_gen/glnxa64/install/lib'
[74.700s] Level 1:colcon.colcon_core.shell:create_environment_hook('auv_msgs', 'ld_library_path_lib')
[74.704s] INFO:colcon.colcon_core.shell:Creating environment hook '/media/mbat/SSD120G/MATLAB/identification/marine-robotics-course/matlab_msg_gen/glnxa64/install/share/auv_msgs/hook/ld_library_path_lib.ps1'
[74.705s] INFO:colcon.colcon_core.shell:Creating environment descriptor '/media/mbat/SSD120G/MATLAB/identification/marine-robotics-course/matlab_msg_gen/glnxa64/install/share/auv_msgs/hook/ld_library_path_lib.dsv'
[74.705s] INFO:colcon.colcon_core.shell:Creating environment hook '/media/mbat/SSD120G/MATLAB/identification/marine-robotics-course/matlab_msg_gen/glnxa64/install/share/auv_msgs/hook/ld_library_path_lib.sh'
[74.705s] Level 1:colcon.colcon_core.environment:checking '/media/mbat/SSD120G/MATLAB/identification/marine-robotics-course/matlab_msg_gen/glnxa64/install/bin'
[74.705s] Level 1:colcon.colcon_core.environment:checking '/media/mbat/SSD120G/MATLAB/identification/marine-robotics-course/matlab_msg_gen/glnxa64/install/lib/pkgconfig/auv_msgs.pc'
[74.705s] Level 1:colcon.colcon_core.environment:checking '/media/mbat/SSD120G/MATLAB/identification/marine-robotics-course/matlab_msg_gen/glnxa64/install/lib/python3.8/site-packages'
[74.710s] INFO:colcon.colcon_core.shell:Creating package script '/media/mbat/SSD120G/MATLAB/identification/marine-robotics-course/matlab_msg_gen/glnxa64/install/share/auv_msgs/package.ps1'
[74.710s] INFO:colcon.colcon_core.shell:Creating package descriptor '/media/mbat/SSD120G/MATLAB/identification/marine-robotics-course/matlab_msg_gen/glnxa64/install/share/auv_msgs/package.dsv'
[74.728s] INFO:colcon.colcon_core.shell:Creating package script '/media/mbat/SSD120G/MATLAB/identification/marine-robotics-course/matlab_msg_gen/glnxa64/install/share/auv_msgs/package.sh'
[74.729s] INFO:colcon.colcon_core.shell:Creating package script '/media/mbat/SSD120G/MATLAB/identification/marine-robotics-course/matlab_msg_gen/glnxa64/install/share/auv_msgs/package.bash'
[74.729s] INFO:colcon.colcon_core.shell:Creating package script '/media/mbat/SSD120G/MATLAB/identification/marine-robotics-course/matlab_msg_gen/glnxa64/install/share/auv_msgs/package.zsh'
[74.730s] Level 1:colcon.colcon_core.environment:create_file_with_runtime_dependencies(/media/mbat/SSD120G/MATLAB/identification/marine-robotics-course/matlab_msg_gen/glnxa64/install/share/colcon-core/packages/auv_msgs)
[74.758s] Level 1:colcon.colcon_core.environment:create_environment_scripts_only(auv_msgs)
[74.763s] Level 1:colcon.colcon_core.environment:checking '/media/mbat/SSD120G/MATLAB/identification/marine-robotics-course/matlab_msg_gen/glnxa64/install' for CMake module files
[74.763s] Level 1:colcon.colcon_core.environment:checking '/media/mbat/SSD120G/MATLAB/identification/marine-robotics-course/matlab_msg_gen/glnxa64/install' for CMake config files
[74.763s] Level 1:colcon.colcon_core.shell:create_environment_hook('auv_msgs', 'cmake_prefix_path')
[74.768s] INFO:colcon.colcon_core.shell:Creating environment hook '/media/mbat/SSD120G/MATLAB/identification/marine-robotics-course/matlab_msg_gen/glnxa64/install/share/auv_msgs/hook/cmake_prefix_path.ps1'
[74.771s] INFO:colcon.colcon_core.shell:Creating environment descriptor '/media/mbat/SSD120G/MATLAB/identification/marine-robotics-course/matlab_msg_gen/glnxa64/install/share/auv_msgs/hook/cmake_prefix_path.dsv'
[74.772s] INFO:colcon.colcon_core.shell:Creating environment hook '/media/mbat/SSD120G/MATLAB/identification/marine-robotics-course/matlab_msg_gen/glnxa64/install/share/auv_msgs/hook/cmake_prefix_path.sh'
[74.807s] Level 1:colcon.colcon_core.environment:checking '/media/mbat/SSD120G/MATLAB/identification/marine-robotics-course/matlab_msg_gen/glnxa64/install/lib'
[74.807s] Level 1:colcon.colcon_core.shell:create_environment_hook('auv_msgs', 'ld_library_path_lib')
[74.818s] INFO:colcon.colcon_core.shell:Creating environment hook '/media/mbat/SSD120G/MATLAB/identification/marine-robotics-course/matlab_msg_gen/glnxa64/install/share/auv_msgs/hook/ld_library_path_lib.ps1'
[74.854s] INFO:colcon.colcon_core.shell:Creating environment descriptor '/media/mbat/SSD120G/MATLAB/identification/marine-robotics-course/matlab_msg_gen/glnxa64/install/share/auv_msgs/hook/ld_library_path_lib.dsv'
[74.854s] INFO:colcon.colcon_core.shell:Creating environment hook '/media/mbat/SSD120G/MATLAB/identification/marine-robotics-course/matlab_msg_gen/glnxa64/install/share/auv_msgs/hook/ld_library_path_lib.sh'
[74.890s] Level 1:colcon.colcon_core.environment:checking '/media/mbat/SSD120G/MATLAB/identification/marine-robotics-course/matlab_msg_gen/glnxa64/install/bin'
[74.890s] Level 1:colcon.colcon_core.environment:checking '/media/mbat/SSD120G/MATLAB/identification/marine-robotics-course/matlab_msg_gen/glnxa64/install/lib/pkgconfig/auv_msgs.pc'
[74.890s] Level 1:colcon.colcon_core.environment:checking '/media/mbat/SSD120G/MATLAB/identification/marine-robotics-course/matlab_msg_gen/glnxa64/install/lib/python3.8/site-packages'
[74.902s] INFO:colcon.colcon_core.shell:Creating package script '/media/mbat/SSD120G/MATLAB/identification/marine-robotics-course/matlab_msg_gen/glnxa64/install/share/auv_msgs/package.ps1'
[74.930s] INFO:colcon.colcon_core.shell:Creating package descriptor '/media/mbat/SSD120G/MATLAB/identification/marine-robotics-course/matlab_msg_gen/glnxa64/install/share/auv_msgs/package.dsv'
[74.931s] INFO:colcon.colcon_core.shell:Creating package script '/media/mbat/SSD120G/MATLAB/identification/marine-robotics-course/matlab_msg_gen/glnxa64/install/share/auv_msgs/package.sh'
[74.971s] INFO:colcon.colcon_core.shell:Creating package script '/media/mbat/SSD120G/MATLAB/identification/marine-robotics-course/matlab_msg_gen/glnxa64/install/share/auv_msgs/package.bash'
[74.972s] INFO:colcon.colcon_core.shell:Creating package script '/media/mbat/SSD120G/MATLAB/identification/marine-robotics-course/matlab_msg_gen/glnxa64/install/share/auv_msgs/package.zsh'
[74.973s] Level 1:colcon.colcon_core.environment:create_file_with_runtime_dependencies(/media/mbat/SSD120G/MATLAB/identification/marine-robotics-course/matlab_msg_gen/glnxa64/install/share/colcon-core/packages/auv_msgs)
[74.973s] INFO:colcon.colcon_ros.task.ament_cmake.build:Building ROS package in '/media/mbat/SSD120G/MATLAB/identification/marine-robotics-course/matlab_msg_gen/glnxa64/src/labust_msgs' with build type 'ament_cmake'
[74.974s] INFO:colcon.colcon_cmake.task.cmake.build:Building CMake package in '/media/mbat/SSD120G/MATLAB/identification/marine-robotics-course/matlab_msg_gen/glnxa64/src/labust_msgs'
[74.983s] INFO:colcon.colcon_core.shell:Skip shell extension 'powershell' for command environment: Not usable outside of PowerShell
[74.984s] DEBUG:colcon.colcon_core.shell:Skip shell extension 'dsv' for command environment
[75.013s] DEBUG:colcon.colcon_core.event_handler.log_command:Invoking command in '/media/mbat/SSD120G/MATLAB/identification/marine-robotics-course/matlab_msg_gen/glnxa64/build/labust_msgs': AMENT_PREFIX_PATH=/media/mbat/SSD120G/MATLAB/identification/marine-robotics-course/matlab_msg_gen/glnxa64/install:${AMENT_PREFIX_PATH} CMAKE_PREFIX_PATH=/media/mbat/SSD120G/MATLAB/identification/marine-robotics-course/matlab_msg_gen/glnxa64/install:${CMAKE_PREFIX_PATH} LD_LIBRARY_PATH=/media/mbat/SSD120G/MATLAB/identification/marine-robotics-course/matlab_msg_gen/glnxa64/install/lib${LD_LIBRARY_PATH} PS1=(venv) /usr/local/MATLAB/R2023a/bin/glnxa64/cmake/bin/cmake /media/mbat/SSD120G/MATLAB/identification/marine-robotics-course/matlab_msg_gen/glnxa64/src/labust_msgs -DCMAKE_BUILD_TYPE=Release -DCMAKE_SHARED_LINKER_FLAGS=-Wl,-no-as-needed -DBUILD_TESTING=OFF -DALIAS_ROS2_TF2=1 -DCMAKE_CXX_FLAGS_RELEASE=-O0 -G Ninja -DCMAKE_INSTALL_PREFIX=/media/mbat/SSD120G/MATLAB/identification/marine-robotics-course/matlab_msg_gen/glnxa64/install
[77.852s] DEBUG:colcon.colcon_core.event_handler.log_command:Invoked command in '/media/mbat/SSD120G/MATLAB/identification/marine-robotics-course/matlab_msg_gen/glnxa64/build/labust_msgs' returned '0': AMENT_PREFIX_PATH=/media/mbat/SSD120G/MATLAB/identification/marine-robotics-course/matlab_msg_gen/glnxa64/install:${AMENT_PREFIX_PATH} CMAKE_PREFIX_PATH=/media/mbat/SSD120G/MATLAB/identification/marine-robotics-course/matlab_msg_gen/glnxa64/install:${CMAKE_PREFIX_PATH} LD_LIBRARY_PATH=/media/mbat/SSD120G/MATLAB/identification/marine-robotics-course/matlab_msg_gen/glnxa64/install/lib${LD_LIBRARY_PATH} PS1=(venv) /usr/local/MATLAB/R2023a/bin/glnxa64/cmake/bin/cmake /media/mbat/SSD120G/MATLAB/identification/marine-robotics-course/matlab_msg_gen/glnxa64/src/labust_msgs -DCMAKE_BUILD_TYPE=Release -DCMAKE_SHARED_LINKER_FLAGS=-Wl,-no-as-needed -DBUILD_TESTING=OFF -DALIAS_ROS2_TF2=1 -DCMAKE_CXX_FLAGS_RELEASE=-O0 -G Ninja -DCMAKE_INSTALL_PREFIX=/media/mbat/SSD120G/MATLAB/identification/marine-robotics-course/matlab_msg_gen/glnxa64/install
[77.857s] DEBUG:colcon.colcon_core.event_handler.log_command:Invoking command in '/media/mbat/SSD120G/MATLAB/identification/marine-robotics-course/matlab_msg_gen/glnxa64/build/labust_msgs': AMENT_PREFIX_PATH=/media/mbat/SSD120G/MATLAB/identification/marine-robotics-course/matlab_msg_gen/glnxa64/install:${AMENT_PREFIX_PATH} CMAKE_PREFIX_PATH=/media/mbat/SSD120G/MATLAB/identification/marine-robotics-course/matlab_msg_gen/glnxa64/install:${CMAKE_PREFIX_PATH} LD_LIBRARY_PATH=/media/mbat/SSD120G/MATLAB/identification/marine-robotics-course/matlab_msg_gen/glnxa64/install/lib${LD_LIBRARY_PATH} PS1=(venv) /usr/local/MATLAB/R2023a/bin/glnxa64/cmake/bin/cmake --build /media/mbat/SSD120G/MATLAB/identification/marine-robotics-course/matlab_msg_gen/glnxa64/build/labust_msgs -- -j6 -l6
[273.556s] DEBUG:colcon.colcon_core.event_handler.log_command:Invoked command in '/media/mbat/SSD120G/MATLAB/identification/marine-robotics-course/matlab_msg_gen/glnxa64/build/labust_msgs' returned '0': AMENT_PREFIX_PATH=/media/mbat/SSD120G/MATLAB/identification/marine-robotics-course/matlab_msg_gen/glnxa64/install:${AMENT_PREFIX_PATH} CMAKE_PREFIX_PATH=/media/mbat/SSD120G/MATLAB/identification/marine-robotics-course/matlab_msg_gen/glnxa64/install:${CMAKE_PREFIX_PATH} LD_LIBRARY_PATH=/media/mbat/SSD120G/MATLAB/identification/marine-robotics-course/matlab_msg_gen/glnxa64/install/lib${LD_LIBRARY_PATH} PS1=(venv) /usr/local/MATLAB/R2023a/bin/glnxa64/cmake/bin/cmake --build /media/mbat/SSD120G/MATLAB/identification/marine-robotics-course/matlab_msg_gen/glnxa64/build/labust_msgs -- -j6 -l6
[273.595s] DEBUG:colcon.colcon_core.event_handler.log_command:Invoking command in '/media/mbat/SSD120G/MATLAB/identification/marine-robotics-course/matlab_msg_gen/glnxa64/build/labust_msgs': AMENT_PREFIX_PATH=/media/mbat/SSD120G/MATLAB/identification/marine-robotics-course/matlab_msg_gen/glnxa64/install:${AMENT_PREFIX_PATH} CMAKE_PREFIX_PATH=/media/mbat/SSD120G/MATLAB/identification/marine-robotics-course/matlab_msg_gen/glnxa64/install:${CMAKE_PREFIX_PATH} LD_LIBRARY_PATH=/media/mbat/SSD120G/MATLAB/identification/marine-robotics-course/matlab_msg_gen/glnxa64/install/lib${LD_LIBRARY_PATH} PS1=(venv) /usr/local/MATLAB/R2023a/bin/glnxa64/cmake/bin/cmake --install /media/mbat/SSD120G/MATLAB/identification/marine-robotics-course/matlab_msg_gen/glnxa64/build/labust_msgs
[273.904s] Level 1:colcon.colcon_core.environment:create_environment_scripts_only(labust_msgs)
[273.915s] Level 1:colcon.colcon_core.environment:checking '/media/mbat/SSD120G/MATLAB/identification/marine-robotics-course/matlab_msg_gen/glnxa64/install' for CMake module files
[273.923s] Level 1:colcon.colcon_core.environment:checking '/media/mbat/SSD120G/MATLAB/identification/marine-robotics-course/matlab_msg_gen/glnxa64/install' for CMake config files
[273.924s] DEBUG:colcon.colcon_core.event_handler.log_command:Invoked command in '/media/mbat/SSD120G/MATLAB/identification/marine-robotics-course/matlab_msg_gen/glnxa64/build/labust_msgs' returned '0': AMENT_PREFIX_PATH=/media/mbat/SSD120G/MATLAB/identification/marine-robotics-course/matlab_msg_gen/glnxa64/install:${AMENT_PREFIX_PATH} CMAKE_PREFIX_PATH=/media/mbat/SSD120G/MATLAB/identification/marine-robotics-course/matlab_msg_gen/glnxa64/install:${CMAKE_PREFIX_PATH} LD_LIBRARY_PATH=/media/mbat/SSD120G/MATLAB/identification/marine-robotics-course/matlab_msg_gen/glnxa64/install/lib${LD_LIBRARY_PATH} PS1=(venv) /usr/local/MATLAB/R2023a/bin/glnxa64/cmake/bin/cmake --install /media/mbat/SSD120G/MATLAB/identification/marine-robotics-course/matlab_msg_gen/glnxa64/build/labust_msgs
[273.926s] Level 1:colcon.colcon_core.shell:create_environment_hook('labust_msgs', 'cmake_prefix_path')
[273.936s] INFO:colcon.colcon_core.shell:Creating environment hook '/media/mbat/SSD120G/MATLAB/identification/marine-robotics-course/matlab_msg_gen/glnxa64/install/share/labust_msgs/hook/cmake_prefix_path.ps1'
[273.937s] INFO:colcon.colcon_core.shell:Creating environment descriptor '/media/mbat/SSD120G/MATLAB/identification/marine-robotics-course/matlab_msg_gen/glnxa64/install/share/labust_msgs/hook/cmake_prefix_path.dsv'
[273.938s] INFO:colcon.colcon_core.shell:Creating environment hook '/media/mbat/SSD120G/MATLAB/identification/marine-robotics-course/matlab_msg_gen/glnxa64/install/share/labust_msgs/hook/cmake_prefix_path.sh'
[273.938s] Level 1:colcon.colcon_core.environment:checking '/media/mbat/SSD120G/MATLAB/identification/marine-robotics-course/matlab_msg_gen/glnxa64/install/lib'
[273.938s] Level 1:colcon.colcon_core.shell:create_environment_hook('labust_msgs', 'ld_library_path_lib')
[273.943s] INFO:colcon.colcon_core.shell:Creating environment hook '/media/mbat/SSD120G/MATLAB/identification/marine-robotics-course/matlab_msg_gen/glnxa64/install/share/labust_msgs/hook/ld_library_path_lib.ps1'
[273.943s] INFO:colcon.colcon_core.shell:Creating environment descriptor '/media/mbat/SSD120G/MATLAB/identification/marine-robotics-course/matlab_msg_gen/glnxa64/install/share/labust_msgs/hook/ld_library_path_lib.dsv'
[273.943s] INFO:colcon.colcon_core.shell:Creating environment hook '/media/mbat/SSD120G/MATLAB/identification/marine-robotics-course/matlab_msg_gen/glnxa64/install/share/labust_msgs/hook/ld_library_path_lib.sh'
[273.943s] Level 1:colcon.colcon_core.environment:checking '/media/mbat/SSD120G/MATLAB/identification/marine-robotics-course/matlab_msg_gen/glnxa64/install/bin'
[273.943s] Level 1:colcon.colcon_core.environment:checking '/media/mbat/SSD120G/MATLAB/identification/marine-robotics-course/matlab_msg_gen/glnxa64/install/lib/pkgconfig/labust_msgs.pc'
[273.943s] Level 1:colcon.colcon_core.environment:checking '/media/mbat/SSD120G/MATLAB/identification/marine-robotics-course/matlab_msg_gen/glnxa64/install/lib/python3.8/site-packages'
[273.948s] INFO:colcon.colcon_core.shell:Creating package script '/media/mbat/SSD120G/MATLAB/identification/marine-robotics-course/matlab_msg_gen/glnxa64/install/share/labust_msgs/package.ps1'
[273.948s] INFO:colcon.colcon_core.shell:Creating package descriptor '/media/mbat/SSD120G/MATLAB/identification/marine-robotics-course/matlab_msg_gen/glnxa64/install/share/labust_msgs/package.dsv'
[273.949s] INFO:colcon.colcon_core.shell:Creating package script '/media/mbat/SSD120G/MATLAB/identification/marine-robotics-course/matlab_msg_gen/glnxa64/install/share/labust_msgs/package.sh'
[273.949s] INFO:colcon.colcon_core.shell:Creating package script '/media/mbat/SSD120G/MATLAB/identification/marine-robotics-course/matlab_msg_gen/glnxa64/install/share/labust_msgs/package.bash'
[273.949s] INFO:colcon.colcon_core.shell:Creating package script '/media/mbat/SSD120G/MATLAB/identification/marine-robotics-course/matlab_msg_gen/glnxa64/install/share/labust_msgs/package.zsh'
[273.949s] Level 1:colcon.colcon_core.environment:create_file_with_runtime_dependencies(/media/mbat/SSD120G/MATLAB/identification/marine-robotics-course/matlab_msg_gen/glnxa64/install/share/colcon-core/packages/labust_msgs)
[273.998s] Level 1:colcon.colcon_core.environment:create_environment_scripts_only(labust_msgs)
[274.007s] Level 1:colcon.colcon_core.environment:checking '/media/mbat/SSD120G/MATLAB/identification/marine-robotics-course/matlab_msg_gen/glnxa64/install' for CMake module files
[274.007s] Level 1:colcon.colcon_core.environment:checking '/media/mbat/SSD120G/MATLAB/identification/marine-robotics-course/matlab_msg_gen/glnxa64/install' for CMake config files
[274.008s] Level 1:colcon.colcon_core.shell:create_environment_hook('labust_msgs', 'cmake_prefix_path')
[274.012s] INFO:colcon.colcon_core.shell:Creating environment hook '/media/mbat/SSD120G/MATLAB/identification/marine-robotics-course/matlab_msg_gen/glnxa64/install/share/labust_msgs/hook/cmake_prefix_path.ps1'
[274.013s] INFO:colcon.colcon_core.shell:Creating environment descriptor '/media/mbat/SSD120G/MATLAB/identification/marine-robotics-course/matlab_msg_gen/glnxa64/install/share/labust_msgs/hook/cmake_prefix_path.dsv'
[274.013s] INFO:colcon.colcon_core.shell:Creating environment hook '/media/mbat/SSD120G/MATLAB/identification/marine-robotics-course/matlab_msg_gen/glnxa64/install/share/labust_msgs/hook/cmake_prefix_path.sh'
[274.014s] Level 1:colcon.colcon_core.environment:checking '/media/mbat/SSD120G/MATLAB/identification/marine-robotics-course/matlab_msg_gen/glnxa64/install/lib'
[274.014s] Level 1:colcon.colcon_core.shell:create_environment_hook('labust_msgs', 'ld_library_path_lib')
[274.018s] INFO:colcon.colcon_core.shell:Creating environment hook '/media/mbat/SSD120G/MATLAB/identification/marine-robotics-course/matlab_msg_gen/glnxa64/install/share/labust_msgs/hook/ld_library_path_lib.ps1'
[274.018s] INFO:colcon.colcon_core.shell:Creating environment descriptor '/media/mbat/SSD120G/MATLAB/identification/marine-robotics-course/matlab_msg_gen/glnxa64/install/share/labust_msgs/hook/ld_library_path_lib.dsv'
[274.019s] INFO:colcon.colcon_core.shell:Creating environment hook '/media/mbat/SSD120G/MATLAB/identification/marine-robotics-course/matlab_msg_gen/glnxa64/install/share/labust_msgs/hook/ld_library_path_lib.sh'
[274.019s] Level 1:colcon.colcon_core.environment:checking '/media/mbat/SSD120G/MATLAB/identification/marine-robotics-course/matlab_msg_gen/glnxa64/install/bin'
[274.019s] Level 1:colcon.colcon_core.environment:checking '/media/mbat/SSD120G/MATLAB/identification/marine-robotics-course/matlab_msg_gen/glnxa64/install/lib/pkgconfig/labust_msgs.pc'
[274.019s] Level 1:colcon.colcon_core.environment:checking '/media/mbat/SSD120G/MATLAB/identification/marine-robotics-course/matlab_msg_gen/glnxa64/install/lib/python3.8/site-packages'
[274.024s] INFO:colcon.colcon_core.shell:Creating package script '/media/mbat/SSD120G/MATLAB/identification/marine-robotics-course/matlab_msg_gen/glnxa64/install/share/labust_msgs/package.ps1'
[274.024s] INFO:colcon.colcon_core.shell:Creating package descriptor '/media/mbat/SSD120G/MATLAB/identification/marine-robotics-course/matlab_msg_gen/glnxa64/install/share/labust_msgs/package.dsv'
[274.025s] INFO:colcon.colcon_core.shell:Creating package script '/media/mbat/SSD120G/MATLAB/identification/marine-robotics-course/matlab_msg_gen/glnxa64/install/share/labust_msgs/package.sh'
[274.025s] INFO:colcon.colcon_core.shell:Creating package script '/media/mbat/SSD120G/MATLAB/identification/marine-robotics-course/matlab_msg_gen/glnxa64/install/share/labust_msgs/package.bash'
[274.025s] INFO:colcon.colcon_core.shell:Creating package script '/media/mbat/SSD120G/MATLAB/identification/marine-robotics-course/matlab_msg_gen/glnxa64/install/share/labust_msgs/package.zsh'
[274.025s] Level 1:colcon.colcon_core.environment:create_file_with_runtime_dependencies(/media/mbat/SSD120G/MATLAB/identification/marine-robotics-course/matlab_msg_gen/glnxa64/install/share/colcon-core/packages/labust_msgs)
[274.026s] DEBUG:colcon.colcon_parallel_executor.executor.parallel:closing loop
[274.026s] DEBUG:colcon.colcon_parallel_executor.executor.parallel:loop closed
[274.026s] DEBUG:colcon.colcon_parallel_executor.executor.parallel:run_until_complete finished with '0'
[274.026s] DEBUG:colcon.colcon_core.event_reactor:joining thread
[274.076s] INFO:colcon.colcon_core.plugin_system:Skipping extension 'colcon_notification.desktop_notification.notify2': 'notify2' not found
[274.076s] INFO:colcon.colcon_core.plugin_system:Skipping extension 'colcon_notification.desktop_notification.terminal_notifier': Not used on non-Darwin systems
[274.076s] INFO:colcon.colcon_core.plugin_system:Skipping extension 'colcon_notification.desktop_notification.win32': Not used on non-Windows systems
[274.076s] INFO:colcon.colcon_notification.desktop_notification:Sending desktop notification using 'notify_send'
[274.113s] DEBUG:colcon.colcon_core.event_reactor:joined thread
[274.125s] INFO:colcon.colcon_core.shell:Creating prefix script '/media/mbat/SSD120G/MATLAB/identification/marine-robotics-course/matlab_msg_gen/glnxa64/install/local_setup.ps1'
[274.127s] INFO:colcon.colcon_core.shell:Creating prefix util module '/media/mbat/SSD120G/MATLAB/identification/marine-robotics-course/matlab_msg_gen/glnxa64/install/_local_setup_util_ps1.py'
[274.128s] INFO:colcon.colcon_core.shell:Creating prefix chain script '/media/mbat/SSD120G/MATLAB/identification/marine-robotics-course/matlab_msg_gen/glnxa64/install/setup.ps1'
[274.132s] INFO:colcon.colcon_core.shell:Creating prefix script '/media/mbat/SSD120G/MATLAB/identification/marine-robotics-course/matlab_msg_gen/glnxa64/install/local_setup.sh'
[274.133s] INFO:colcon.colcon_core.shell:Creating prefix util module '/media/mbat/SSD120G/MATLAB/identification/marine-robotics-course/matlab_msg_gen/glnxa64/install/_local_setup_util_sh.py'
[274.133s] INFO:colcon.colcon_core.shell:Creating prefix chain script '/media/mbat/SSD120G/MATLAB/identification/marine-robotics-course/matlab_msg_gen/glnxa64/install/setup.sh'
[274.138s] INFO:colcon.colcon_core.shell:Creating prefix script '/media/mbat/SSD120G/MATLAB/identification/marine-robotics-course/matlab_msg_gen/glnxa64/install/local_setup.bash'
[274.139s] INFO:colcon.colcon_core.shell:Creating prefix chain script '/media/mbat/SSD120G/MATLAB/identification/marine-robotics-course/matlab_msg_gen/glnxa64/install/setup.bash'
[274.143s] INFO:colcon.colcon_core.shell:Creating prefix script '/media/mbat/SSD120G/MATLAB/identification/marine-robotics-course/matlab_msg_gen/glnxa64/install/local_setup.zsh'
[274.143s] INFO:colcon.colcon_core.shell:Creating prefix chain script '/media/mbat/SSD120G/MATLAB/identification/marine-robotics-course/matlab_msg_gen/glnxa64/install/setup.zsh'
